<?xml version="1.0" encoding="UTF-8"?>
<!-- Generated by org.testng.reporters.JUnitReportReporter -->
<testsuite hostname="DESKTOP-OSQQVTR" failures="0" tests="1" name="TestScript.ThirdTest" time="31.465" errors="0" timestamp="2023-02-19T18:07:42 IST" skipped="0">
  <testcase classname="TestScript.ThirdTest" name="thirdtest" time="31.465"/>
  <system-out/>
</testsuite> <!-- TestScript.ThirdTest -->
