<?xml version="1.0" encoding="UTF-8"?>
<!-- Generated by org.testng.reporters.JUnitReportReporter -->
<testsuite hostname="DESKTOP-OSQQVTR" failures="0" tests="1" name="TestScript.SecondTest" time="19.703" errors="0" timestamp="2023-02-19T17:16:05 IST" skipped="0">
  <testcase classname="TestScript.SecondTest" name="secondTest" time="19.703"/>
  <system-out/>
</testsuite> <!-- TestScript.SecondTest -->
