<?xml version="1.0" encoding="UTF-8"?>
<!-- Generated by org.testng.reporters.JUnitReportReporter -->
<testsuite hostname="DESKTOP-OSQQVTR" failures="0" tests="1" name="TestScript.fourthTest" time="18.996" errors="0" timestamp="2023-02-19T18:24:08 IST" skipped="0">
  <testcase classname="TestScript.fourthTest" name="fourthtest" time="18.996"/>
  <system-out/>
</testsuite> <!-- TestScript.fourthTest -->
