<?xml version="1.0" encoding="UTF-8"?>
<!-- Generated by org.testng.reporters.JUnitReportReporter -->
<testsuite hostname="DESKTOP-OSQQVTR" failures="0" tests="1" name="TestScript.firstTest" time="14.783" errors="0" timestamp="2023-02-19T16:56:00 IST" skipped="0">
  <testcase classname="TestScript.firstTest" name="FirstTest" time="14.783"/>
  <system-out/>
</testsuite> <!-- TestScript.firstTest -->
